<?xml version="1.0" encoding="UTF-8"?>
<!-- Generated by org.testng.reporters.JUnitXMLReporter -->
<testsuite ignored="0" hostname="Reems-MacBook-Air.local" failures="0" tests="3" name="All Functionalities" time="68.678" errors="0" timestamp="2022-06-07T00:36:04 CDT">
  <testcase classname="scripts._01_CarsSignInPageTest" name="validateCarsSignInPage" time="14.756"/>
  <testcase classname="scripts._01_CarsSignInPageTest" name="validateCarsSignInPageSocialMediaSection" time="15.651"/>
  <testcase classname="scripts._01_CarsSignInPageTest" name="validateUserCantSignIn" time="17.106"/>
</testsuite> <!-- All Functionalities -->
