<?xml version="1.0" encoding="UTF-8"?>
<testng-results ignored="0" total="3" passed="3" failed="0" skipped="0">
  <reporter-output>
  </reporter-output>
  <suite started-at="2022-06-07T00:34:50 CDT" name="Regression" finished-at="2022-06-07T00:35:59 CDT" duration-ms="68678">
    <groups>
    </groups>
    <test started-at="2022-06-07T00:34:50 CDT" name="All Functionalities" finished-at="2022-06-07T00:35:59 CDT" duration-ms="68678">
      <class name="scripts._01_CarsSignInPageTest">
        <test-method is-config="true" signature="setup()[pri:0, instance:scripts._01_CarsSignInPageTest@2641e737]" started-at="2022-06-07T00:34:50 CDT" name="setup" finished-at="2022-06-07T00:34:55 CDT" duration-ms="4619" status="PASS">
          <reporter-output>
          </reporter-output>
        </test-method> <!-- setup -->
        <test-method signature="validateCarsSignInPage()[pri:1, instance:scripts._01_CarsSignInPageTest@2641e737]" started-at="2022-06-07T00:34:55 CDT" name="validateCarsSignInPage" description="TC1: Validate Cars.com Sign in page form" finished-at="2022-06-07T00:35:09 CDT" duration-ms="14756" status="PASS">
          <reporter-output>
          </reporter-output>
        </test-method> <!-- validateCarsSignInPage -->
        <test-method is-config="true" signature="teardown()[pri:0, instance:scripts._01_CarsSignInPageTest@2641e737]" started-at="2022-06-07T00:35:09 CDT" name="teardown" finished-at="2022-06-07T00:35:13 CDT" duration-ms="3634" status="PASS">
          <reporter-output>
          </reporter-output>
        </test-method> <!-- teardown -->
        <test-method is-config="true" signature="setup()[pri:0, instance:scripts._01_CarsSignInPageTest@2641e737]" started-at="2022-06-07T00:35:13 CDT" name="setup" finished-at="2022-06-07T00:35:16 CDT" duration-ms="2602" status="PASS">
          <reporter-output>
          </reporter-output>
        </test-method> <!-- setup -->
        <test-method signature="validateCarsSignInPageSocialMediaSection()[pri:2, instance:scripts._01_CarsSignInPageTest@2641e737]" started-at="2022-06-07T00:35:16 CDT" name="validateCarsSignInPageSocialMediaSection" description="TC2: Validate Cars.com Sign in page social media section" finished-at="2022-06-07T00:35:31 CDT" duration-ms="15651" status="PASS">
          <reporter-output>
          </reporter-output>
        </test-method> <!-- validateCarsSignInPageSocialMediaSection -->
        <test-method is-config="true" signature="teardown()[pri:0, instance:scripts._01_CarsSignInPageTest@2641e737]" started-at="2022-06-07T00:35:31 CDT" name="teardown" finished-at="2022-06-07T00:35:35 CDT" duration-ms="3634" status="PASS">
          <reporter-output>
          </reporter-output>
        </test-method> <!-- teardown -->
        <test-method is-config="true" signature="setup()[pri:0, instance:scripts._01_CarsSignInPageTest@2641e737]" started-at="2022-06-07T00:35:35 CDT" name="setup" finished-at="2022-06-07T00:35:37 CDT" duration-ms="2414" status="PASS">
          <reporter-output>
          </reporter-output>
        </test-method> <!-- setup -->
        <test-method signature="validateUserCantSignIn()[pri:3, instance:scripts._01_CarsSignInPageTest@2641e737]" started-at="2022-06-07T00:35:37 CDT" name="validateUserCantSignIn" description="TC 3: Validate user cannot sign in to Cars.com with invalid credentials" finished-at="2022-06-07T00:35:54 CDT" duration-ms="17106" status="PASS">
          <reporter-output>
          </reporter-output>
        </test-method> <!-- validateUserCantSignIn -->
        <test-method is-config="true" signature="teardown()[pri:0, instance:scripts._01_CarsSignInPageTest@2641e737]" started-at="2022-06-07T00:35:54 CDT" name="teardown" finished-at="2022-06-07T00:35:59 CDT" duration-ms="4198" status="PASS">
          <reporter-output>
          </reporter-output>
        </test-method> <!-- teardown -->
      </class> <!-- scripts._01_CarsSignInPageTest -->
    </test> <!-- All Functionalities -->
  </suite> <!-- Regression -->
</testng-results>
